<?xml version="1.0" encoding="UTF-8"?>
<!-- Generated by org.testng.reporters.JUnitReportReporter -->
<testsuite skipped="0" hostname="DESKTOP-HJFJFBJ" name="JavaAlgorithmsTests" tests="9" failures="0" timestamp="2021-03-22T23:23:44 EET" time="0.075" errors="0">
  <testcase name="testSmallestDistanceNeighbourNumbers" time="0.005" classname="JavaAlgorithmsTests"/>
  <testcase name="testSmallestDistanceNeighbourNumbers" time="0.003" classname="JavaAlgorithmsTests"/>
  <testcase name="testAnagramChecker" time="0.016" classname="JavaAlgorithmsTests"/>
  <testcase name="testAnagramChecker" time="0.016" classname="JavaAlgorithmsTests"/>
  <testcase name="testSmallestDistanceNeighbourNumbers" time="0.000" classname="JavaAlgorithmsTests"/>
  <testcase name="testSmallestDistanceNeighbourNumbers" time="0.002" classname="JavaAlgorithmsTests"/>
  <testcase name="testAnagramChecker" time="0.016" classname="JavaAlgorithmsTests"/>
  <testcase name="testAnagramChecker" time="0.016" classname="JavaAlgorithmsTests"/>
  <testcase name="testSmallestDistanceNeighbourNumbers" time="0.001" classname="JavaAlgorithmsTests"/>
</testsuite> <!-- JavaAlgorithmsTests -->
