<?xml version="1.0" encoding="UTF-8"?>
<!-- Generated by org.testng.reporters.JUnitReportReporter -->
<testsuite skipped="0" hostname="DESKTOP-HJFJFBJ" name="WebDriverTests" tests="1" failures="0" timestamp="2021-03-22T23:23:44 EET" time="22.086" errors="0">
  <testcase name="getFlightsSearchResults" time="22.086" classname="WebDriverTests"/>
</testsuite> <!-- WebDriverTests -->
